{"C:\\task-mangament-system\\app.js": {"path":"C:\\task-mangament-system\\app.js","statementMap":{"0":{"start":{"line":8,"column":0},"end":{"line":8,"column":17}},"1":{"start":{"line":9,"column":12},"end":{"line":9,"column":21}},"2":{"start":{"line":11,"column":0},"end":{"line":11,"column":52}},"3":{"start":{"line":12,"column":0},"end":{"line":12,"column":27}},"4":{"start":{"line":14,"column":0},"end":{"line":14,"column":16}},"5":{"start":{"line":16,"column":0},"end":{"line":16,"column":37}},"6":{"start":{"line":18,"column":0},"end":{"line":22,"column":3}},"7":{"start":{"line":19,"column":2},"end":{"line":21,"column":5}},"8":{"start":{"line":24,"column":0},"end":{"line":24,"column":75}},"9":{"start":{"line":24,"column":35},"end":{"line":24,"column":73}}},"fnMap":{"0":{"name":"(anonymous_0)","decl":{"start":{"line":18,"column":8},"end":{"line":18,"column":9}},"loc":{"start":{"line":18,"column":22},"end":{"line":22,"column":1}},"line":18},"1":{"name":"(anonymous_1)","decl":{"start":{"line":24,"column":8},"end":{"line":24,"column":9}},"loc":{"start":{"line":24,"column":35},"end":{"line":24,"column":73}},"line":24}},"branchMap":{},"s":{"0":1,"1":1,"2":1,"3":1,"4":1,"5":1,"6":1,"7":1,"8":1,"9":2},"f":{"0":1,"1":2},"b":{},"_coverageSchema":"1a1c01bbd47fc00a2c39e90264f33305004495a9","hash":"123e23e01122eaf434c9d4b7f048a756ea72aea4"}
,"C:\\task-mangament-system\\configs\\config.js": {"path":"C:\\task-mangament-system\\configs\\config.js","statementMap":{"0":{"start":{"line":1,"column":12},"end":{"line":1,"column":41}},"1":{"start":{"line":3,"column":25},"end":{"line":3,"column":50}},"2":{"start":{"line":5,"column":13},"end":{"line":5,"column":37}},"3":{"start":{"line":7,"column":21},"end":{"line":7,"column":66}},"4":{"start":{"line":8,"column":16},"end":{"line":8,"column":56}},"5":{"start":{"line":10,"column":21},"end":{"line":10,"column":59}},"6":{"start":{"line":12,"column":22},"end":{"line":12,"column":58}},"7":{"start":{"line":14,"column":18},"end":{"line":14,"column":31}}},"fnMap":{},"branchMap":{"0":{"loc":{"start":{"line":1,"column":12},"end":{"line":1,"column":41}},"type":"binary-expr","locations":[{"start":{"line":1,"column":12},"end":{"line":1,"column":32}},{"start":{"line":1,"column":36},"end":{"line":1,"column":41}}],"line":1},"1":{"loc":{"start":{"line":5,"column":13},"end":{"line":5,"column":37}},"type":"binary-expr","locations":[{"start":{"line":5,"column":13},"end":{"line":5,"column":29}},{"start":{"line":5,"column":33},"end":{"line":5,"column":37}}],"line":5},"2":{"loc":{"start":{"line":7,"column":21},"end":{"line":7,"column":66}},"type":"binary-expr","locations":[{"start":{"line":7,"column":21},"end":{"line":7,"column":45}},{"start":{"line":7,"column":49},"end":{"line":7,"column":66}}],"line":7},"3":{"loc":{"start":{"line":8,"column":16},"end":{"line":8,"column":56}},"type":"binary-expr","locations":[{"start":{"line":8,"column":16},"end":{"line":8,"column":35}},{"start":{"line":8,"column":39},"end":{"line":8,"column":56}}],"line":8},"4":{"loc":{"start":{"line":12,"column":22},"end":{"line":12,"column":58}},"type":"binary-expr","locations":[{"start":{"line":12,"column":22},"end":{"line":12,"column":47}},{"start":{"line":12,"column":51},"end":{"line":12,"column":58}}],"line":12}},"s":{"0":3,"1":3,"2":3,"3":3,"4":3,"5":3,"6":3,"7":3},"f":{},"b":{"0":[3,0],"1":[3,3],"2":[3,3],"3":[3,3],"4":[3,3]},"_coverageSchema":"1a1c01bbd47fc00a2c39e90264f33305004495a9","hash":"1448bd3fcc1d4c703b65cd5af77f7a002a8ff3af"}
,"C:\\task-mangament-system\\configs\\db.config.js": {"path":"C:\\task-mangament-system\\configs\\db.config.js","statementMap":{"0":{"start":{"line":6,"column":2},"end":{"line":11,"column":3}},"1":{"start":{"line":7,"column":4},"end":{"line":7,"column":41}},"2":{"start":{"line":8,"column":4},"end":{"line":8,"column":45}},"3":{"start":{"line":10,"column":4},"end":{"line":10,"column":24}}},"fnMap":{"0":{"name":"connectMongoDB","decl":{"start":{"line":5,"column":15},"end":{"line":5,"column":29}},"loc":{"start":{"line":5,"column":32},"end":{"line":12,"column":1}},"line":5}},"branchMap":{},"s":{"0":1,"1":1,"2":1,"3":0},"f":{"0":1},"b":{},"_coverageSchema":"1a1c01bbd47fc00a2c39e90264f33305004495a9","hash":"8923daa4f6f2db8557f6c08e55eb08b3be5d12b2"}
,"C:\\task-mangament-system\\configs\\log.config.js": {"path":"C:\\task-mangament-system\\configs\\log.config.js","statementMap":{"0":{"start":{"line":5,"column":37},"end":{"line":5,"column":51}},"1":{"start":{"line":7,"column":22},"end":{"line":7,"column":41}},"2":{"start":{"line":9,"column":22},"end":{"line":14,"column":1}},"3":{"start":{"line":17,"column":17},"end":{"line":17,"column":66}},"4":{"start":{"line":18,"column":2},"end":{"line":20,"column":3}},"5":{"start":{"line":19,"column":4},"end":{"line":19,"column":71}},"6":{"start":{"line":21,"column":2},"end":{"line":26,"column":5}},"7":{"start":{"line":29,"column":23},"end":{"line":32,"column":1}},"8":{"start":{"line":34,"column":15},"end":{"line":39,"column":2}},"9":{"start":{"line":41,"column":0},"end":{"line":45,"column":1}},"10":{"start":{"line":42,"column":2},"end":{"line":44,"column":5}},"11":{"start":{"line":43,"column":4},"end":{"line":43,"column":18}},"12":{"start":{"line":47,"column":0},"end":{"line":53,"column":1}},"13":{"start":{"line":48,"column":2},"end":{"line":52,"column":4}}},"fnMap":{"0":{"name":"generateWinstonRotateConfig","decl":{"start":{"line":16,"column":9},"end":{"line":16,"column":36}},"loc":{"start":{"line":16,"column":44},"end":{"line":27,"column":1}},"line":16},"1":{"name":"(anonymous_1)","decl":{"start":{"line":42,"column":25},"end":{"line":42,"column":26}},"loc":{"start":{"line":42,"column":32},"end":{"line":44,"column":3}},"line":42}},"branchMap":{"0":{"loc":{"start":{"line":18,"column":2},"end":{"line":20,"column":3}},"type":"if","locations":[{"start":{"line":18,"column":2},"end":{"line":20,"column":3}},{"start":{},"end":{}}],"line":18},"1":{"loc":{"start":{"line":41,"column":0},"end":{"line":45,"column":1}},"type":"if","locations":[{"start":{"line":41,"column":0},"end":{"line":45,"column":1}},{"start":{},"end":{}}],"line":41},"2":{"loc":{"start":{"line":47,"column":0},"end":{"line":53,"column":1}},"type":"if","locations":[{"start":{"line":47,"column":0},"end":{"line":53,"column":1}},{"start":{},"end":{}}],"line":47}},"s":{"0":3,"1":3,"2":3,"3":6,"4":6,"5":3,"6":6,"7":3,"8":3,"9":3,"10":0,"11":0,"12":3,"13":3},"f":{"0":6,"1":0},"b":{"0":[3,3],"1":[0,3],"2":[3,0]},"_coverageSchema":"1a1c01bbd47fc00a2c39e90264f33305004495a9","hash":"28a64d12a2475efda52cdbd69d40cf35f235ee4b"}
,"C:\\task-mangament-system\\constants\\constant.js": {"path":"C:\\task-mangament-system\\constants\\constant.js","statementMap":{"0":{"start":{"line":1,"column":26},"end":{"line":5,"column":1}}},"fnMap":{},"branchMap":{},"s":{"0":1},"f":{},"b":{},"_coverageSchema":"1a1c01bbd47fc00a2c39e90264f33305004495a9","hash":"18fffe89a37125d407de2f214eb5b60e4f29387d"}
,"C:\\task-mangament-system\\domain\\tasks\\task.controller.js": {"path":"C:\\task-mangament-system\\domain\\tasks\\task.controller.js","statementMap":{"0":{"start":{"line":12,"column":19},"end":{"line":12,"column":35}},"1":{"start":{"line":14,"column":0},"end":{"line":20,"column":3}},"2":{"start":{"line":15,"column":2},"end":{"line":15,"column":34}},"3":{"start":{"line":17,"column":15},"end":{"line":17,"column":31}},"4":{"start":{"line":18,"column":2},"end":{"line":18,"column":33}},"5":{"start":{"line":19,"column":2},"end":{"line":19,"column":28}},"6":{"start":{"line":22,"column":0},"end":{"line":28,"column":3}},"7":{"start":{"line":23,"column":2},"end":{"line":23,"column":36}},"8":{"start":{"line":24,"column":15},"end":{"line":24,"column":23}},"9":{"start":{"line":25,"column":15},"end":{"line":25,"column":37}},"10":{"start":{"line":26,"column":2},"end":{"line":26,"column":35}},"11":{"start":{"line":27,"column":2},"end":{"line":27,"column":24}},"12":{"start":{"line":30,"column":0},"end":{"line":45,"column":2}},"13":{"start":{"line":34,"column":4},"end":{"line":34,"column":38}},"14":{"start":{"line":35,"column":27},"end":{"line":35,"column":37}},"15":{"start":{"line":36,"column":30},"end":{"line":36,"column":38}},"16":{"start":{"line":37,"column":4},"end":{"line":43,"column":5}},"17":{"start":{"line":38,"column":19},"end":{"line":38,"column":72}},"18":{"start":{"line":39,"column":6},"end":{"line":39,"column":39}},"19":{"start":{"line":40,"column":6},"end":{"line":40,"column":28}},"20":{"start":{"line":42,"column":6},"end":{"line":42,"column":18}},"21":{"start":{"line":47,"column":0},"end":{"line":57,"column":3}},"22":{"start":{"line":48,"column":2},"end":{"line":48,"column":36}},"23":{"start":{"line":49,"column":25},"end":{"line":49,"column":35}},"24":{"start":{"line":50,"column":2},"end":{"line":56,"column":3}},"25":{"start":{"line":51,"column":4},"end":{"line":51,"column":29}},"26":{"start":{"line":52,"column":4},"end":{"line":52,"column":37}},"27":{"start":{"line":53,"column":4},"end":{"line":53,"column":34}},"28":{"start":{"line":55,"column":4},"end":{"line":55,"column":16}}},"fnMap":{"0":{"name":"(anonymous_0)","decl":{"start":{"line":14,"column":20},"end":{"line":14,"column":21}},"loc":{"start":{"line":14,"column":40},"end":{"line":20,"column":1}},"line":14},"1":{"name":"(anonymous_1)","decl":{"start":{"line":22,"column":56},"end":{"line":22,"column":57}},"loc":{"start":{"line":22,"column":76},"end":{"line":28,"column":1}},"line":22},"2":{"name":"(anonymous_2)","decl":{"start":{"line":33,"column":2},"end":{"line":33,"column":3}},"loc":{"start":{"line":33,"column":28},"end":{"line":44,"column":3}},"line":33},"3":{"name":"(anonymous_3)","decl":{"start":{"line":47,"column":26},"end":{"line":47,"column":27}},"loc":{"start":{"line":47,"column":52},"end":{"line":57,"column":1}},"line":47}},"branchMap":{},"s":{"0":1,"1":1,"2":1,"3":1,"4":1,"5":1,"6":1,"7":1,"8":1,"9":1,"10":1,"11":1,"12":1,"13":2,"14":2,"15":2,"16":2,"17":2,"18":1,"19":1,"20":1,"21":1,"22":2,"23":2,"24":2,"25":2,"26":1,"27":1,"28":1},"f":{"0":1,"1":1,"2":2,"3":2},"b":{},"_coverageSchema":"1a1c01bbd47fc00a2c39e90264f33305004495a9","hash":"9e89cb9e01a73bac5e6fa894974284dbcf83d531"}
,"C:\\task-mangament-system\\domain\\tasks\\task.schema.js": {"path":"C:\\task-mangament-system\\domain\\tasks\\task.schema.js","statementMap":{"0":{"start":{"line":2,"column":19},"end":{"line":2,"column":27}},"1":{"start":{"line":4,"column":19},"end":{"line":7,"column":2}},"2":{"start":{"line":9,"column":18},"end":{"line":9,"column":57}}},"fnMap":{},"branchMap":{},"s":{"0":2,"1":2,"2":2},"f":{},"b":{},"_coverageSchema":"1a1c01bbd47fc00a2c39e90264f33305004495a9","hash":"45e83ca720c47e9de911e16b29888ca2990bbaf5"}
,"C:\\task-mangament-system\\domain\\tasks\\task.service.js": {"path":"C:\\task-mangament-system\\domain\\tasks\\task.service.js","statementMap":{"0":{"start":{"line":5,"column":16},"end":{"line":5,"column":47}},"1":{"start":{"line":6,"column":2},"end":{"line":8,"column":5}},"2":{"start":{"line":9,"column":2},"end":{"line":9,"column":15}},"3":{"start":{"line":13,"column":2},"end":{"line":13,"column":25}},"4":{"start":{"line":14,"column":22},"end":{"line":17,"column":4}},"5":{"start":{"line":18,"column":2},"end":{"line":18,"column":32}},"6":{"start":{"line":19,"column":20},"end":{"line":19,"column":44}},"7":{"start":{"line":20,"column":2},"end":{"line":20,"column":30}},"8":{"start":{"line":21,"column":2},"end":{"line":21,"column":19}},"9":{"start":{"line":25,"column":27},"end":{"line":25,"column":37}},"10":{"start":{"line":26,"column":2},"end":{"line":26,"column":31}},"11":{"start":{"line":27,"column":22},"end":{"line":29,"column":4}},"12":{"start":{"line":30,"column":2},"end":{"line":35,"column":3}},"13":{"start":{"line":31,"column":4},"end":{"line":33,"column":6}},"14":{"start":{"line":34,"column":4},"end":{"line":34,"column":31}},"15":{"start":{"line":36,"column":2},"end":{"line":36,"column":30}},"16":{"start":{"line":37,"column":2},"end":{"line":37,"column":21}},"17":{"start":{"line":41,"column":22},"end":{"line":41,"column":63}},"18":{"start":{"line":42,"column":2},"end":{"line":47,"column":3}},"19":{"start":{"line":43,"column":4},"end":{"line":45,"column":6}},"20":{"start":{"line":46,"column":4},"end":{"line":46,"column":31}},"21":{"start":{"line":48,"column":2},"end":{"line":48,"column":44}}},"fnMap":{"0":{"name":"getTasks","decl":{"start":{"line":4,"column":22},"end":{"line":4,"column":30}},"loc":{"start":{"line":4,"column":33},"end":{"line":10,"column":1}},"line":4},"1":{"name":"createTask","decl":{"start":{"line":12,"column":22},"end":{"line":12,"column":32}},"loc":{"start":{"line":12,"column":39},"end":{"line":22,"column":1}},"line":12},"2":{"name":"updateTask","decl":{"start":{"line":24,"column":22},"end":{"line":24,"column":32}},"loc":{"start":{"line":24,"column":45},"end":{"line":38,"column":1}},"line":24},"3":{"name":"deleteTask","decl":{"start":{"line":40,"column":22},"end":{"line":40,"column":32}},"loc":{"start":{"line":40,"column":41},"end":{"line":49,"column":1}},"line":40}},"branchMap":{"0":{"loc":{"start":{"line":30,"column":2},"end":{"line":35,"column":3}},"type":"if","locations":[{"start":{"line":30,"column":2},"end":{"line":35,"column":3}},{"start":{},"end":{}}],"line":30},"1":{"loc":{"start":{"line":42,"column":2},"end":{"line":47,"column":3}},"type":"if","locations":[{"start":{"line":42,"column":2},"end":{"line":47,"column":3}},{"start":{},"end":{}}],"line":42}},"s":{"0":1,"1":1,"2":1,"3":1,"4":1,"5":1,"6":1,"7":1,"8":1,"9":2,"10":2,"11":2,"12":2,"13":1,"14":1,"15":1,"16":1,"17":2,"18":2,"19":1,"20":1,"21":1},"f":{"0":1,"1":1,"2":2,"3":2},"b":{"0":[1,1],"1":[1,1]},"_coverageSchema":"1a1c01bbd47fc00a2c39e90264f33305004495a9","hash":"353a5535d45fca98351dcfc3a99ac6a7dd30246e"}
,"C:\\task-mangament-system\\domain\\tasks\\task.validator.js": {"path":"C:\\task-mangament-system\\domain\\tasks\\task.validator.js","statementMap":{"0":{"start":{"line":4,"column":19},"end":{"line":4,"column":44}},"1":{"start":{"line":6,"column":25},"end":{"line":11,"column":2}},"2":{"start":{"line":13,"column":25},"end":{"line":17,"column":2}}},"fnMap":{},"branchMap":{},"s":{"0":1,"1":1,"2":1},"f":{},"b":{},"_coverageSchema":"1a1c01bbd47fc00a2c39e90264f33305004495a9","hash":"7c5ba173a33592914d3dac7fd5d2ebc4f71669e6"}
,"C:\\task-mangament-system\\middleware\\validator.js": {"path":"C:\\task-mangament-system\\middleware\\validator.js","statementMap":{"0":{"start":{"line":2,"column":2},"end":{"line":11,"column":4}},"1":{"start":{"line":3,"column":4},"end":{"line":10,"column":5}},"2":{"start":{"line":4,"column":6},"end":{"line":4,"column":43}},"3":{"start":{"line":5,"column":6},"end":{"line":5,"column":13}},"4":{"start":{"line":7,"column":6},"end":{"line":9,"column":9}}},"fnMap":{"0":{"name":"schemaValidator","decl":{"start":{"line":1,"column":16},"end":{"line":1,"column":31}},"loc":{"start":{"line":1,"column":40},"end":{"line":12,"column":1}},"line":1},"1":{"name":"(anonymous_1)","decl":{"start":{"line":2,"column":9},"end":{"line":2,"column":10}},"loc":{"start":{"line":2,"column":35},"end":{"line":11,"column":3}},"line":2}},"branchMap":{},"s":{"0":2,"1":3,"2":3,"3":3,"4":0},"f":{"0":2,"1":3},"b":{},"_coverageSchema":"1a1c01bbd47fc00a2c39e90264f33305004495a9","hash":"9505cc32f0cce37067ef2bba02c360d7f9d6c34d"}
,"C:\\task-mangament-system\\util\\utility.js": {"path":"C:\\task-mangament-system\\util\\utility.js","statementMap":{"0":{"start":{"line":4,"column":19},"end":{"line":7,"column":3}},"1":{"start":{"line":8,"column":19},"end":{"line":8,"column":22}},"2":{"start":{"line":9,"column":2},"end":{"line":17,"column":3}},"3":{"start":{"line":11,"column":6},"end":{"line":11,"column":23}},"4":{"start":{"line":12,"column":6},"end":{"line":12,"column":37}},"5":{"start":{"line":13,"column":6},"end":{"line":13,"column":42}},"6":{"start":{"line":14,"column":6},"end":{"line":14,"column":12}},"7":{"start":{"line":16,"column":6},"end":{"line":16,"column":34}},"8":{"start":{"line":18,"column":2},"end":{"line":18,"column":47}}},"fnMap":{"0":{"name":"handlingResponseError","decl":{"start":{"line":3,"column":16},"end":{"line":3,"column":37}},"loc":{"start":{"line":3,"column":55},"end":{"line":19,"column":1}},"line":3}},"branchMap":{"0":{"loc":{"start":{"line":9,"column":2},"end":{"line":17,"column":3}},"type":"switch","locations":[{"start":{"line":10,"column":4},"end":{"line":14,"column":12}},{"start":{"line":15,"column":4},"end":{"line":16,"column":34}}],"line":9}},"s":{"0":2,"1":2,"2":2,"3":2,"4":2,"5":2,"6":2,"7":0,"8":2},"f":{"0":2},"b":{"0":[2,0]},"_coverageSchema":"1a1c01bbd47fc00a2c39e90264f33305004495a9","hash":"5f4de2ac66564ee323375503a02aef0bf200286f"}
}
