TN:
SF:app.js
FN:18,(anonymous_0)
FN:24,(anonymous_1)
FNF:2
FNH:2
FNDA:1,(anonymous_0)
FNDA:2,(anonymous_1)
DA:8,1
DA:9,1
DA:11,1
DA:12,1
DA:14,1
DA:16,1
DA:18,1
DA:19,1
DA:24,2
LF:9
LH:9
BRF:0
BRH:0
end_of_record
TN:
SF:configs\config.js
FNF:0
FNH:0
DA:1,3
DA:3,3
DA:5,3
DA:7,3
DA:8,3
DA:10,3
DA:12,3
DA:14,3
LF:8
LH:8
BRDA:1,0,0,3
BRDA:1,0,1,0
BRDA:5,1,0,3
BRDA:5,1,1,3
BRDA:7,2,0,3
BRDA:7,2,1,3
BRDA:8,3,0,3
BRDA:8,3,1,3
BRDA:12,4,0,3
BRDA:12,4,1,3
BRF:10
BRH:9
end_of_record
TN:
SF:configs\db.config.js
FN:5,connectMongoDB
FNF:1
FNH:1
FNDA:1,connectMongoDB
DA:6,1
DA:7,1
DA:8,1
DA:10,0
LF:4
LH:3
BRF:0
BRH:0
end_of_record
TN:
SF:configs\log.config.js
FN:16,generateWinstonRotateConfig
FN:42,(anonymous_1)
FNF:2
FNH:1
FNDA:6,generateWinstonRotateConfig
FNDA:0,(anonymous_1)
DA:5,3
DA:7,3
DA:9,3
DA:17,6
DA:18,6
DA:19,3
DA:21,6
DA:29,3
DA:34,3
DA:41,3
DA:42,0
DA:43,0
DA:47,3
DA:48,3
LF:14
LH:12
BRDA:18,0,0,3
BRDA:18,0,1,3
BRDA:41,1,0,0
BRDA:41,1,1,3
BRDA:47,2,0,3
BRDA:47,2,1,0
BRF:6
BRH:4
end_of_record
TN:
SF:constants\constant.js
FNF:0
FNH:0
DA:1,1
LF:1
LH:1
BRF:0
BRH:0
end_of_record
TN:
SF:domain\tasks\task.controller.js
FN:14,(anonymous_0)
FN:22,(anonymous_1)
FN:33,(anonymous_2)
FN:47,(anonymous_3)
FNF:4
FNH:4
FNDA:1,(anonymous_0)
FNDA:1,(anonymous_1)
FNDA:2,(anonymous_2)
FNDA:2,(anonymous_3)
DA:12,1
DA:14,1
DA:15,1
DA:17,1
DA:18,1
DA:19,1
DA:22,1
DA:23,1
DA:24,1
DA:25,1
DA:26,1
DA:27,1
DA:30,1
DA:34,2
DA:35,2
DA:36,2
DA:37,2
DA:38,2
DA:39,1
DA:40,1
DA:42,1
DA:47,1
DA:48,2
DA:49,2
DA:50,2
DA:51,2
DA:52,1
DA:53,1
DA:55,1
LF:29
LH:29
BRF:0
BRH:0
end_of_record
TN:
SF:domain\tasks\task.schema.js
FNF:0
FNH:0
DA:2,2
DA:4,2
DA:9,2
LF:3
LH:3
BRF:0
BRH:0
end_of_record
TN:
SF:domain\tasks\task.service.js
FN:4,getTasks
FN:12,createTask
FN:24,updateTask
FN:40,deleteTask
FNF:4
FNH:4
FNDA:1,getTasks
FNDA:1,createTask
FNDA:2,updateTask
FNDA:2,deleteTask
DA:5,1
DA:6,1
DA:9,1
DA:13,1
DA:14,1
DA:18,1
DA:19,1
DA:20,1
DA:21,1
DA:25,2
DA:26,2
DA:27,2
DA:30,2
DA:31,1
DA:34,1
DA:36,1
DA:37,1
DA:41,2
DA:42,2
DA:43,1
DA:46,1
DA:48,1
LF:22
LH:22
BRDA:30,0,0,1
BRDA:30,0,1,1
BRDA:42,1,0,1
BRDA:42,1,1,1
BRF:4
BRH:4
end_of_record
TN:
SF:domain\tasks\task.validator.js
FNF:0
FNH:0
DA:4,1
DA:6,1
DA:13,1
LF:3
LH:3
BRF:0
BRH:0
end_of_record
TN:
SF:middleware\validator.js
FN:1,schemaValidator
FN:2,(anonymous_1)
FNF:2
FNH:2
FNDA:2,schemaValidator
FNDA:3,(anonymous_1)
DA:2,2
DA:3,3
DA:4,3
DA:5,3
DA:7,0
LF:5
LH:4
BRF:0
BRH:0
end_of_record
TN:
SF:util\utility.js
FN:3,handlingResponseError
FNF:1
FNH:1
FNDA:2,handlingResponseError
DA:4,2
DA:8,2
DA:9,2
DA:11,2
DA:12,2
DA:13,2
DA:14,2
DA:16,0
DA:18,2
LF:9
LH:8
BRDA:9,0,0,2
BRDA:9,0,1,0
BRF:2
BRH:1
end_of_record
